2025-01-07 16:01:14.203 [TestNG-tests-1] INFO  t.TC001_AccountRegistrationComplete - ***TC001_AccountRegistrationComplete Started***
2025-01-07 16:01:14.471 [TestNG-tests-1] INFO  t.TC001_AccountRegistrationComplete - My Account link clicked
2025-01-07 16:01:17.102 [TestNG-tests-1] INFO  t.TC001_AccountRegistrationComplete - Registration link clicked
2025-01-07 16:01:17.110 [TestNG-tests-1] INFO  t.TC001_AccountRegistrationComplete - Started to enter customer details
2025-01-07 16:01:19.874 [TestNG-tests-1] INFO  t.TC001_AccountRegistrationComplete - customer details completed
2025-01-07 16:01:19.957 [TestNG-tests-1] ERROR t.TC001_AccountRegistrationComplete - Testcase failed
2025-01-07 16:01:19.965 [TestNG-tests-1] DEBUG t.TC001_AccountRegistrationComplete - debug logs
2025-01-07 16:01:19.965 [TestNG-tests-1] INFO  t.TC001_AccountRegistrationComplete - Confirmation message verified
2025-01-07 16:01:31.131 [TestNG-tests-1] INFO  t.TC002_LoginTest - *** Started TC002_LoginTest ***
2025-01-07 16:01:31.378 [TestNG-tests-1] INFO  t.TC002_LoginTest - My Account Clicked
2025-01-07 16:01:32.345 [TestNG-tests-1] INFO  t.TC002_LoginTest - Selected Login Option
2025-01-07 16:01:32.635 [TestNG-tests-1] INFO  t.TC002_LoginTest - Email & Password entered
2025-01-07 16:01:34.101 [TestNG-tests-1] INFO  t.TC002_LoginTest - Login CTA Clicked
2025-01-07 16:01:34.209 [TestNG-tests-1] INFO  t.TC002_LoginTest - *** Finished TC002_LoginTest ***
2025-01-07 16:01:48.408 [main] DEBUG o.t.TestNG - suiteXmlPath: "C:\Workspace\Java & Selenium CrashCourse\openCartV121\MasterCase.xml"
2025-01-07 16:01:48.912 [main] INFO  o.t.i.Utils - [TestNG] Running:
  C:\Workspace\Java & Selenium CrashCourse\openCartV121\MasterCase.xml

2025-01-07 16:01:57.976 [TestNG-tests-1] INFO  t.TC001_AccountRegistrationComplete - ***TC001_AccountRegistrationComplete Started***
2025-01-07 16:01:58.195 [TestNG-tests-1] INFO  t.TC001_AccountRegistrationComplete - My Account link clicked
2025-01-07 16:01:59.285 [TestNG-tests-1] INFO  t.TC001_AccountRegistrationComplete - Registration link clicked
2025-01-07 16:01:59.295 [TestNG-tests-1] INFO  t.TC001_AccountRegistrationComplete - Started to enter customer details
